<?xml version="1.0" encoding="UTF-8"?>
<!-- Generated by org.testng.reporters.JUnitReportReporter -->
<testsuite hostname="DESKTOP-US5V72R" failures="0" tests="1" name="cucumber.TestNGTestRunner" time="9.100" errors="0" timestamp="2024-12-22T11:32:13 EST" skipped="0">
  <testcase classname="cucumber.TestNGTestRunner" name="runScenario" time="9.100"/>
</testsuite> <!-- cucumber.TestNGTestRunner -->
