<?xml version="1.0" encoding="UTF-8"?>
<!-- Generated by org.testng.reporters.JUnitReportReporter -->
<testsuite hostname="DESKTOP-US5V72R" failures="0" tests="3" name="rahulshettyacademy.tests.SubmitOrderTest" time="26.308" errors="0" timestamp="2024-12-18T17:55:43 EST" skipped="0">
  <testcase classname="rahulshettyacademy.tests.SubmitOrderTest" name="OrderHistoryTest" time="6.716"/>
  <testcase classname="rahulshettyacademy.tests.SubmitOrderTest" name="submitOrder" time="11.280"/>
  <testcase classname="rahulshettyacademy.tests.SubmitOrderTest" name="submitOrder" time="8.312"/>
</testsuite> <!-- rahulshettyacademy.tests.SubmitOrderTest -->
