<?xml version="1.0" encoding="UTF-8"?>
<!-- Generated by org.testng.reporters.JUnitReportReporter -->
<testsuite hostname="DESKTOP-US5V72R" failures="0" tests="1" name="cucumber.TestNGTestRunner" time="10.061" errors="0" timestamp="2024-12-22T12:18:36 EST" skipped="0">
  <testcase classname="cucumber.TestNGTestRunner" name="runScenario" time="10.061"/>
</testsuite> <!-- cucumber.TestNGTestRunner -->
